<?xml version="1.0" encoding="UTF-8"?>
<coverage generated="1531835889122" clover="3.2.0">
  <project timestamp="1531835889122" name="All files">
    <metrics statements="16" coveredstatements="0" conditionals="12" coveredconditionals="0" methods="9" coveredmethods="0" elements="37" coveredelements="0" complexity="0" loc="16" ncloc="16" packages="3" files="4" classes="4">
      <package name="src">
        <metrics statements="1" coveredstatements="0" conditionals="0" coveredconditionals="0" methods="0" coveredmethods="0"/>
        <file name="index.js" path="/Users/aimableniyogakiza/Downloads/reacttestinganddebug/Resources/src/index.js">
          <metrics statements="1" coveredstatements="0" conditionals="0" coveredconditionals="0" methods="0" coveredmethods="0"/>
          <line num="1" count="0" type="stmt"/>
        </file>
      </package>
      <package name="src.components">
        <metrics statements="5" coveredstatements="0" conditionals="4" coveredconditionals="0" methods="3" coveredmethods="0"/>
        <file name="App.jsx" path="/Users/aimableniyogakiza/Downloads/reacttestinganddebug/Resources/src/components/App.jsx">
          <metrics statements="5" coveredstatements="0" conditionals="4" coveredconditionals="0" methods="3" coveredmethods="0"/>
          <line num="1" count="0" type="stmt"/>
          <line num="5" count="0" type="cond" truecount="0" falsecount="4"/>
          <line num="9" count="0" type="stmt"/>
          <line num="10" count="0" type="stmt"/>
          <line num="14" count="0" type="stmt"/>
        </file>
      </package>
      <package name="src.components.listings">
        <metrics statements="10" coveredstatements="0" conditionals="8" coveredconditionals="0" methods="6" coveredmethods="0"/>
        <file name="Grid.jsx" path="/Users/aimableniyogakiza/Downloads/reacttestinganddebug/Resources/src/components/listings/Grid.jsx">
          <metrics statements="6" coveredstatements="0" conditionals="4" coveredconditionals="0" methods="4" coveredmethods="0"/>
          <line num="1" count="0" type="stmt"/>
          <line num="2" count="0" type="cond" truecount="0" falsecount="4"/>
          <line num="6" count="0" type="stmt"/>
          <line num="7" count="0" type="stmt"/>
          <line num="12" count="0" type="stmt"/>
          <line num="24" count="0" type="stmt"/>
        </file>
        <file name="Single.jsx" path="/Users/aimableniyogakiza/Downloads/reacttestinganddebug/Resources/src/components/listings/Single.jsx">
          <metrics statements="4" coveredstatements="0" conditionals="4" coveredconditionals="0" methods="2" coveredmethods="0"/>
          <line num="1" count="0" type="cond" truecount="0" falsecount="4"/>
          <line num="3" count="0" type="stmt"/>
          <line num="4" count="0" type="stmt"/>
          <line num="31" count="0" type="stmt"/>
        </file>
      </package>
    </metrics>
  </project>
</coverage>
