{"/Users/aimableniyogakiza/Downloads/reacttestinganddebug/Resources/src/index.js": {"path":"/Users/aimableniyogakiza/Downloads/reacttestinganddebug/Resources/src/index.js","statementMap":{"0":{"start":{"line":1,"column":58},"end":{"line":1,"column":138}}},"fnMap":{},"branchMap":{},"s":{"0":0},"f":{},"b":{}}
,"/Users/aimableniyogakiza/Downloads/reacttestinganddebug/Resources/src/components/App.jsx": {"path":"/Users/aimableniyogakiza/Downloads/reacttestinganddebug/Resources/src/components/App.jsx","statementMap":{"0":{"start":{"line":1,"column":39},"end":{"line":1,"column":101}},"1":{"start":{"line":1,"column":120},"end":{"line":1,"column":210}},"2":{"start":{"line":5,"column":187},"end":{"line":5,"column":241}},"3":{"start":{"line":9,"column":4},"end":{"line":9,"column":17}},"4":{"start":{"line":10,"column":4},"end":{"line":10,"column":74}},"5":{"start":{"line":14,"column":4},"end":{"line":29,"column":237}}},"fnMap":{"0":{"name":"_interopRequireDefault","decl":{"start":{"line":5,"column":158},"end":{"line":5,"column":180}},"loc":{"start":{"line":5,"column":186},"end":{"line":5,"column":242}},"line":5},"1":{"name":"(anonymous_1)","decl":{"start":{"line":8,"column":2},"end":{"line":8,"column":3}},"loc":{"start":{"line":8,"column":21},"end":{"line":11,"column":3}},"line":8},"2":{"name":"(anonymous_2)","decl":{"start":{"line":13,"column":2},"end":{"line":13,"column":3}},"loc":{"start":{"line":13,"column":11},"end":{"line":33,"column":3}},"line":13}},"branchMap":{"0":{"loc":{"start":{"line":5,"column":194},"end":{"line":5,"column":240}},"type":"cond-expr","locations":[{"start":{"line":5,"column":218},"end":{"line":5,"column":221}},{"start":{"line":5,"column":224},"end":{"line":5,"column":240}}],"line":5},"1":{"loc":{"start":{"line":5,"column":194},"end":{"line":5,"column":215}},"type":"binary-expr","locations":[{"start":{"line":5,"column":194},"end":{"line":5,"column":197}},{"start":{"line":5,"column":201},"end":{"line":5,"column":215}}],"line":5}},"s":{"0":0,"1":0,"2":0,"3":0,"4":0,"5":0},"f":{"0":0,"1":0,"2":0},"b":{"0":[0,0],"1":[0,0]}}
,"/Users/aimableniyogakiza/Downloads/reacttestinganddebug/Resources/src/components/listings/Grid.jsx": {"path":"/Users/aimableniyogakiza/Downloads/reacttestinganddebug/Resources/src/components/listings/Grid.jsx","statementMap":{"0":{"start":{"line":1,"column":39},"end":{"line":1,"column":101}},"1":{"start":{"line":1,"column":120},"end":{"line":1,"column":220}},"2":{"start":{"line":2,"column":172},"end":{"line":2,"column":226}},"3":{"start":{"line":6,"column":4},"end":{"line":7,"column":229}},"4":{"start":{"line":7,"column":30},"end":{"line":7,"column":227}},"5":{"start":{"line":12,"column":4},"end":{"line":16,"column":34}},"6":{"start":{"line":24,"column":0},"end":{"line":25,"column":71}}},"fnMap":{"0":{"name":"_interopRequireDefault","decl":{"start":{"line":2,"column":143},"end":{"line":2,"column":165}},"loc":{"start":{"line":2,"column":171},"end":{"line":2,"column":227}},"line":2},"1":{"name":"(anonymous_1)","decl":{"start":{"line":5,"column":2},"end":{"line":5,"column":3}},"loc":{"start":{"line":5,"column":15},"end":{"line":9,"column":3}},"line":5},"2":{"name":"(anonymous_2)","decl":{"start":{"line":6,"column":32},"end":{"line":6,"column":33}},"loc":{"start":{"line":7,"column":30},"end":{"line":7,"column":227}},"line":7},"3":{"name":"(anonymous_3)","decl":{"start":{"line":11,"column":2},"end":{"line":11,"column":3}},"loc":{"start":{"line":11,"column":11},"end":{"line":21,"column":3}},"line":11}},"branchMap":{"0":{"loc":{"start":{"line":2,"column":179},"end":{"line":2,"column":225}},"type":"cond-expr","locations":[{"start":{"line":2,"column":203},"end":{"line":2,"column":206}},{"start":{"line":2,"column":209},"end":{"line":2,"column":225}}],"line":2},"1":{"loc":{"start":{"line":2,"column":179},"end":{"line":2,"column":200}},"type":"binary-expr","locations":[{"start":{"line":2,"column":179},"end":{"line":2,"column":182}},{"start":{"line":2,"column":186},"end":{"line":2,"column":200}}],"line":2}},"s":{"0":0,"1":0,"2":0,"3":0,"4":0,"5":0,"6":0},"f":{"0":0,"1":0,"2":0,"3":0},"b":{"0":[0,0],"1":[0,0]}}
,"/Users/aimableniyogakiza/Downloads/reacttestinganddebug/Resources/src/components/listings/Single.jsx": {"path":"/Users/aimableniyogakiza/Downloads/reacttestinganddebug/Resources/src/components/listings/Single.jsx","statementMap":{"0":{"start":{"line":1,"column":39},"end":{"line":1,"column":101}},"1":{"start":{"line":1,"column":120},"end":{"line":1,"column":222}},"2":{"start":{"line":1,"column":389},"end":{"line":1,"column":443}},"3":{"start":{"line":3,"column":15},"end":{"line":29,"column":1}},"4":{"start":{"line":4,"column":2},"end":{"line":26,"column":200}},"5":{"start":{"line":31,"column":0},"end":{"line":32,"column":71}}},"fnMap":{"0":{"name":"_interopRequireDefault","decl":{"start":{"line":1,"column":360},"end":{"line":1,"column":382}},"loc":{"start":{"line":1,"column":388},"end":{"line":1,"column":444}},"line":1},"1":{"name":"(anonymous_1)","decl":{"start":{"line":3,"column":15},"end":{"line":3,"column":16}},"loc":{"start":{"line":3,"column":29},"end":{"line":29,"column":1}},"line":3}},"branchMap":{"0":{"loc":{"start":{"line":1,"column":396},"end":{"line":1,"column":442}},"type":"cond-expr","locations":[{"start":{"line":1,"column":420},"end":{"line":1,"column":423}},{"start":{"line":1,"column":426},"end":{"line":1,"column":442}}],"line":1},"1":{"loc":{"start":{"line":1,"column":396},"end":{"line":1,"column":417}},"type":"binary-expr","locations":[{"start":{"line":1,"column":396},"end":{"line":1,"column":399}},{"start":{"line":1,"column":403},"end":{"line":1,"column":417}}],"line":1}},"s":{"0":0,"1":0,"2":0,"3":0,"4":0,"5":0},"f":{"0":0,"1":0},"b":{"0":[0,0],"1":[0,0]}}
}
